Determining if the Q_WS_WIN exist failed with the following output:
Change Dir: /home/ronniejd/robotica/ejemplo1/CMakeFiles/CMakeTmp

Run Build Command:"/usr/bin/make" "cmTC_59ce3/fast"
/usr/bin/make -f CMakeFiles/cmTC_59ce3.dir/build.make CMakeFiles/cmTC_59ce3.dir/build
make[1]: se entra en el directorio '/home/ronniejd/robotica/ejemplo1/CMakeFiles/CMakeTmp'
Building CXX object CMakeFiles/cmTC_59ce3.dir/CheckSymbolExists.cxx.o
/usr/bin/c++    -I/usr/include/qt4   -o CMakeFiles/cmTC_59ce3.dir/CheckSymbolExists.cxx.o -c /home/ronniejd/robotica/ejemplo1/CMakeFiles/CMakeTmp/CheckSymbolExists.cxx
/home/ronniejd/robotica/ejemplo1/CMakeFiles/CMakeTmp/CheckSymbolExists.cxx: In function ‘int main(int, char**)’:
/home/ronniejd/robotica/ejemplo1/CMakeFiles/CMakeTmp/CheckSymbolExists.cxx:8:19: error: ‘Q_WS_WIN’ was not declared in this scope
   return ((int*)(&Q_WS_WIN))[argc];
                   ^
CMakeFiles/cmTC_59ce3.dir/build.make:65: fallo en las instrucciones para el objetivo 'CMakeFiles/cmTC_59ce3.dir/CheckSymbolExists.cxx.o'
make[1]: *** [CMakeFiles/cmTC_59ce3.dir/CheckSymbolExists.cxx.o] Error 1
make[1]: se sale del directorio '/home/ronniejd/robotica/ejemplo1/CMakeFiles/CMakeTmp'
Makefile:126: fallo en las instrucciones para el objetivo 'cmTC_59ce3/fast'
make: *** [cmTC_59ce3/fast] Error 2

File /home/ronniejd/robotica/ejemplo1/CMakeFiles/CMakeTmp/CheckSymbolExists.cxx:
/* */
#include <QtCore/qglobal.h>

int main(int argc, char** argv)
{
  (void)argv;
#ifndef Q_WS_WIN
  return ((int*)(&Q_WS_WIN))[argc];
#else
  (void)argc;
  return 0;
#endif
}

Determining if the Q_WS_QWS exist failed with the following output:
Change Dir: /home/ronniejd/robotica/ejemplo1/CMakeFiles/CMakeTmp

Run Build Command:"/usr/bin/make" "cmTC_ef09a/fast"
/usr/bin/make -f CMakeFiles/cmTC_ef09a.dir/build.make CMakeFiles/cmTC_ef09a.dir/build
make[1]: se entra en el directorio '/home/ronniejd/robotica/ejemplo1/CMakeFiles/CMakeTmp'
Building CXX object CMakeFiles/cmTC_ef09a.dir/CheckSymbolExists.cxx.o
/usr/bin/c++    -I/usr/include/qt4   -o CMakeFiles/cmTC_ef09a.dir/CheckSymbolExists.cxx.o -c /home/ronniejd/robotica/ejemplo1/CMakeFiles/CMakeTmp/CheckSymbolExists.cxx
/home/ronniejd/robotica/ejemplo1/CMakeFiles/CMakeTmp/CheckSymbolExists.cxx: In function ‘int main(int, char**)’:
/home/ronniejd/robotica/ejemplo1/CMakeFiles/CMakeTmp/CheckSymbolExists.cxx:8:19: error: ‘Q_WS_QWS’ was not declared in this scope
   return ((int*)(&Q_WS_QWS))[argc];
                   ^
CMakeFiles/cmTC_ef09a.dir/build.make:65: fallo en las instrucciones para el objetivo 'CMakeFiles/cmTC_ef09a.dir/CheckSymbolExists.cxx.o'
make[1]: *** [CMakeFiles/cmTC_ef09a.dir/CheckSymbolExists.cxx.o] Error 1
make[1]: se sale del directorio '/home/ronniejd/robotica/ejemplo1/CMakeFiles/CMakeTmp'
Makefile:126: fallo en las instrucciones para el objetivo 'cmTC_ef09a/fast'
make: *** [cmTC_ef09a/fast] Error 2

File /home/ronniejd/robotica/ejemplo1/CMakeFiles/CMakeTmp/CheckSymbolExists.cxx:
/* */
#include <QtCore/qglobal.h>

int main(int argc, char** argv)
{
  (void)argv;
#ifndef Q_WS_QWS
  return ((int*)(&Q_WS_QWS))[argc];
#else
  (void)argc;
  return 0;
#endif
}

Determining if the Q_WS_MAC exist failed with the following output:
Change Dir: /home/ronniejd/robotica/ejemplo1/CMakeFiles/CMakeTmp

Run Build Command:"/usr/bin/make" "cmTC_d9a28/fast"
/usr/bin/make -f CMakeFiles/cmTC_d9a28.dir/build.make CMakeFiles/cmTC_d9a28.dir/build
make[1]: se entra en el directorio '/home/ronniejd/robotica/ejemplo1/CMakeFiles/CMakeTmp'
Building CXX object CMakeFiles/cmTC_d9a28.dir/CheckSymbolExists.cxx.o
/usr/bin/c++    -I/usr/include/qt4   -o CMakeFiles/cmTC_d9a28.dir/CheckSymbolExists.cxx.o -c /home/ronniejd/robotica/ejemplo1/CMakeFiles/CMakeTmp/CheckSymbolExists.cxx
/home/ronniejd/robotica/ejemplo1/CMakeFiles/CMakeTmp/CheckSymbolExists.cxx: In function ‘int main(int, char**)’:
/home/ronniejd/robotica/ejemplo1/CMakeFiles/CMakeTmp/CheckSymbolExists.cxx:8:19: error: ‘Q_WS_MAC’ was not declared in this scope
   return ((int*)(&Q_WS_MAC))[argc];
                   ^
CMakeFiles/cmTC_d9a28.dir/build.make:65: fallo en las instrucciones para el objetivo 'CMakeFiles/cmTC_d9a28.dir/CheckSymbolExists.cxx.o'
make[1]: *** [CMakeFiles/cmTC_d9a28.dir/CheckSymbolExists.cxx.o] Error 1
make[1]: se sale del directorio '/home/ronniejd/robotica/ejemplo1/CMakeFiles/CMakeTmp'
Makefile:126: fallo en las instrucciones para el objetivo 'cmTC_d9a28/fast'
make: *** [cmTC_d9a28/fast] Error 2

File /home/ronniejd/robotica/ejemplo1/CMakeFiles/CMakeTmp/CheckSymbolExists.cxx:
/* */
#include <QtCore/qglobal.h>

int main(int argc, char** argv)
{
  (void)argv;
#ifndef Q_WS_MAC
  return ((int*)(&Q_WS_MAC))[argc];
#else
  (void)argc;
  return 0;
#endif
}

Determining if the Q_WS_WIN exist failed with the following output:
Change Dir: /home/rooniejd/robotica/robo1/CMakeFiles/CMakeTmp

Run Build Command:"/usr/bin/make" "cmTC_5cbfa/fast"
/usr/bin/make -f CMakeFiles/cmTC_5cbfa.dir/build.make CMakeFiles/cmTC_5cbfa.dir/build
make[1]: se entra en el directorio '/home/rooniejd/robotica/robo1/CMakeFiles/CMakeTmp'
Building CXX object CMakeFiles/cmTC_5cbfa.dir/CheckSymbolExists.cxx.o
/usr/bin/c++    -I/usr/include/qt4   -o CMakeFiles/cmTC_5cbfa.dir/CheckSymbolExists.cxx.o -c /home/rooniejd/robotica/robo1/CMakeFiles/CMakeTmp/CheckSymbolExists.cxx
/home/rooniejd/robotica/robo1/CMakeFiles/CMakeTmp/CheckSymbolExists.cxx: In function ‘int main(int, char**)’:
/home/rooniejd/robotica/robo1/CMakeFiles/CMakeTmp/CheckSymbolExists.cxx:8:19: error: ‘Q_WS_WIN’ was not declared in this scope
   return ((int*)(&Q_WS_WIN))[argc];
                   ^
CMakeFiles/cmTC_5cbfa.dir/build.make:65: fallo en las instrucciones para el objetivo 'CMakeFiles/cmTC_5cbfa.dir/CheckSymbolExists.cxx.o'
make[1]: *** [CMakeFiles/cmTC_5cbfa.dir/CheckSymbolExists.cxx.o] Error 1
make[1]: se sale del directorio '/home/rooniejd/robotica/robo1/CMakeFiles/CMakeTmp'
Makefile:126: fallo en las instrucciones para el objetivo 'cmTC_5cbfa/fast'
make: *** [cmTC_5cbfa/fast] Error 2

File /home/rooniejd/robotica/robo1/CMakeFiles/CMakeTmp/CheckSymbolExists.cxx:
/* */
#include <QtCore/qglobal.h>

int main(int argc, char** argv)
{
  (void)argv;
#ifndef Q_WS_WIN
  return ((int*)(&Q_WS_WIN))[argc];
#else
  (void)argc;
  return 0;
#endif
}

Determining if the Q_WS_QWS exist failed with the following output:
Change Dir: /home/rooniejd/robotica/robo1/CMakeFiles/CMakeTmp

Run Build Command:"/usr/bin/make" "cmTC_7724d/fast"
/usr/bin/make -f CMakeFiles/cmTC_7724d.dir/build.make CMakeFiles/cmTC_7724d.dir/build
make[1]: se entra en el directorio '/home/rooniejd/robotica/robo1/CMakeFiles/CMakeTmp'
Building CXX object CMakeFiles/cmTC_7724d.dir/CheckSymbolExists.cxx.o
/usr/bin/c++    -I/usr/include/qt4   -o CMakeFiles/cmTC_7724d.dir/CheckSymbolExists.cxx.o -c /home/rooniejd/robotica/robo1/CMakeFiles/CMakeTmp/CheckSymbolExists.cxx
/home/rooniejd/robotica/robo1/CMakeFiles/CMakeTmp/CheckSymbolExists.cxx: In function ‘int main(int, char**)’:
/home/rooniejd/robotica/robo1/CMakeFiles/CMakeTmp/CheckSymbolExists.cxx:8:19: error: ‘Q_WS_QWS’ was not declared in this scope
   return ((int*)(&Q_WS_QWS))[argc];
                   ^
CMakeFiles/cmTC_7724d.dir/build.make:65: fallo en las instrucciones para el objetivo 'CMakeFiles/cmTC_7724d.dir/CheckSymbolExists.cxx.o'
make[1]: *** [CMakeFiles/cmTC_7724d.dir/CheckSymbolExists.cxx.o] Error 1
make[1]: se sale del directorio '/home/rooniejd/robotica/robo1/CMakeFiles/CMakeTmp'
Makefile:126: fallo en las instrucciones para el objetivo 'cmTC_7724d/fast'
make: *** [cmTC_7724d/fast] Error 2

File /home/rooniejd/robotica/robo1/CMakeFiles/CMakeTmp/CheckSymbolExists.cxx:
/* */
#include <QtCore/qglobal.h>

int main(int argc, char** argv)
{
  (void)argv;
#ifndef Q_WS_QWS
  return ((int*)(&Q_WS_QWS))[argc];
#else
  (void)argc;
  return 0;
#endif
}

Determining if the Q_WS_MAC exist failed with the following output:
Change Dir: /home/rooniejd/robotica/robo1/CMakeFiles/CMakeTmp

Run Build Command:"/usr/bin/make" "cmTC_4a88e/fast"
/usr/bin/make -f CMakeFiles/cmTC_4a88e.dir/build.make CMakeFiles/cmTC_4a88e.dir/build
make[1]: se entra en el directorio '/home/rooniejd/robotica/robo1/CMakeFiles/CMakeTmp'
Building CXX object CMakeFiles/cmTC_4a88e.dir/CheckSymbolExists.cxx.o
/usr/bin/c++    -I/usr/include/qt4   -o CMakeFiles/cmTC_4a88e.dir/CheckSymbolExists.cxx.o -c /home/rooniejd/robotica/robo1/CMakeFiles/CMakeTmp/CheckSymbolExists.cxx
/home/rooniejd/robotica/robo1/CMakeFiles/CMakeTmp/CheckSymbolExists.cxx: In function ‘int main(int, char**)’:
/home/rooniejd/robotica/robo1/CMakeFiles/CMakeTmp/CheckSymbolExists.cxx:8:19: error: ‘Q_WS_MAC’ was not declared in this scope
   return ((int*)(&Q_WS_MAC))[argc];
                   ^
CMakeFiles/cmTC_4a88e.dir/build.make:65: fallo en las instrucciones para el objetivo 'CMakeFiles/cmTC_4a88e.dir/CheckSymbolExists.cxx.o'
make[1]: *** [CMakeFiles/cmTC_4a88e.dir/CheckSymbolExists.cxx.o] Error 1
make[1]: se sale del directorio '/home/rooniejd/robotica/robo1/CMakeFiles/CMakeTmp'
Makefile:126: fallo en las instrucciones para el objetivo 'cmTC_4a88e/fast'
make: *** [cmTC_4a88e/fast] Error 2

File /home/rooniejd/robotica/robo1/CMakeFiles/CMakeTmp/CheckSymbolExists.cxx:
/* */
#include <QtCore/qglobal.h>

int main(int argc, char** argv)
{
  (void)argv;
#ifndef Q_WS_MAC
  return ((int*)(&Q_WS_MAC))[argc];
#else
  (void)argc;
  return 0;
#endif
}

Determining if the Q_WS_WIN exist failed with the following output:
Change Dir: /home/ronniejd/robotica/robo1/CMakeFiles/CMakeTmp

Run Build Command:"/usr/bin/make" "cmTC_3523a/fast"
/usr/bin/make -f CMakeFiles/cmTC_3523a.dir/build.make CMakeFiles/cmTC_3523a.dir/build
make[1]: se entra en el directorio '/home/ronniejd/robotica/robo1/CMakeFiles/CMakeTmp'
Building CXX object CMakeFiles/cmTC_3523a.dir/CheckSymbolExists.cxx.o
/usr/bin/c++    -I/usr/include/qt4   -o CMakeFiles/cmTC_3523a.dir/CheckSymbolExists.cxx.o -c /home/ronniejd/robotica/robo1/CMakeFiles/CMakeTmp/CheckSymbolExists.cxx
/home/ronniejd/robotica/robo1/CMakeFiles/CMakeTmp/CheckSymbolExists.cxx: In function ‘int main(int, char**)’:
/home/ronniejd/robotica/robo1/CMakeFiles/CMakeTmp/CheckSymbolExists.cxx:8:19: error: ‘Q_WS_WIN’ was not declared in this scope
   return ((int*)(&Q_WS_WIN))[argc];
                   ^
CMakeFiles/cmTC_3523a.dir/build.make:65: fallo en las instrucciones para el objetivo 'CMakeFiles/cmTC_3523a.dir/CheckSymbolExists.cxx.o'
make[1]: *** [CMakeFiles/cmTC_3523a.dir/CheckSymbolExists.cxx.o] Error 1
make[1]: se sale del directorio '/home/ronniejd/robotica/robo1/CMakeFiles/CMakeTmp'
Makefile:126: fallo en las instrucciones para el objetivo 'cmTC_3523a/fast'
make: *** [cmTC_3523a/fast] Error 2

File /home/ronniejd/robotica/robo1/CMakeFiles/CMakeTmp/CheckSymbolExists.cxx:
/* */
#include <QtCore/qglobal.h>

int main(int argc, char** argv)
{
  (void)argv;
#ifndef Q_WS_WIN
  return ((int*)(&Q_WS_WIN))[argc];
#else
  (void)argc;
  return 0;
#endif
}

Determining if the Q_WS_QWS exist failed with the following output:
Change Dir: /home/ronniejd/robotica/robo1/CMakeFiles/CMakeTmp

Run Build Command:"/usr/bin/make" "cmTC_c757a/fast"
/usr/bin/make -f CMakeFiles/cmTC_c757a.dir/build.make CMakeFiles/cmTC_c757a.dir/build
make[1]: se entra en el directorio '/home/ronniejd/robotica/robo1/CMakeFiles/CMakeTmp'
Building CXX object CMakeFiles/cmTC_c757a.dir/CheckSymbolExists.cxx.o
/usr/bin/c++    -I/usr/include/qt4   -o CMakeFiles/cmTC_c757a.dir/CheckSymbolExists.cxx.o -c /home/ronniejd/robotica/robo1/CMakeFiles/CMakeTmp/CheckSymbolExists.cxx
/home/ronniejd/robotica/robo1/CMakeFiles/CMakeTmp/CheckSymbolExists.cxx: In function ‘int main(int, char**)’:
/home/ronniejd/robotica/robo1/CMakeFiles/CMakeTmp/CheckSymbolExists.cxx:8:19: error: ‘Q_WS_QWS’ was not declared in this scope
   return ((int*)(&Q_WS_QWS))[argc];
                   ^
CMakeFiles/cmTC_c757a.dir/build.make:65: fallo en las instrucciones para el objetivo 'CMakeFiles/cmTC_c757a.dir/CheckSymbolExists.cxx.o'
make[1]: *** [CMakeFiles/cmTC_c757a.dir/CheckSymbolExists.cxx.o] Error 1
make[1]: se sale del directorio '/home/ronniejd/robotica/robo1/CMakeFiles/CMakeTmp'
Makefile:126: fallo en las instrucciones para el objetivo 'cmTC_c757a/fast'
make: *** [cmTC_c757a/fast] Error 2

File /home/ronniejd/robotica/robo1/CMakeFiles/CMakeTmp/CheckSymbolExists.cxx:
/* */
#include <QtCore/qglobal.h>

int main(int argc, char** argv)
{
  (void)argv;
#ifndef Q_WS_QWS
  return ((int*)(&Q_WS_QWS))[argc];
#else
  (void)argc;
  return 0;
#endif
}

Determining if the Q_WS_MAC exist failed with the following output:
Change Dir: /home/ronniejd/robotica/robo1/CMakeFiles/CMakeTmp

Run Build Command:"/usr/bin/make" "cmTC_e6c02/fast"
/usr/bin/make -f CMakeFiles/cmTC_e6c02.dir/build.make CMakeFiles/cmTC_e6c02.dir/build
make[1]: se entra en el directorio '/home/ronniejd/robotica/robo1/CMakeFiles/CMakeTmp'
Building CXX object CMakeFiles/cmTC_e6c02.dir/CheckSymbolExists.cxx.o
/usr/bin/c++    -I/usr/include/qt4   -o CMakeFiles/cmTC_e6c02.dir/CheckSymbolExists.cxx.o -c /home/ronniejd/robotica/robo1/CMakeFiles/CMakeTmp/CheckSymbolExists.cxx
/home/ronniejd/robotica/robo1/CMakeFiles/CMakeTmp/CheckSymbolExists.cxx: In function ‘int main(int, char**)’:
/home/ronniejd/robotica/robo1/CMakeFiles/CMakeTmp/CheckSymbolExists.cxx:8:19: error: ‘Q_WS_MAC’ was not declared in this scope
   return ((int*)(&Q_WS_MAC))[argc];
                   ^
CMakeFiles/cmTC_e6c02.dir/build.make:65: fallo en las instrucciones para el objetivo 'CMakeFiles/cmTC_e6c02.dir/CheckSymbolExists.cxx.o'
make[1]: *** [CMakeFiles/cmTC_e6c02.dir/CheckSymbolExists.cxx.o] Error 1
make[1]: se sale del directorio '/home/ronniejd/robotica/robo1/CMakeFiles/CMakeTmp'
Makefile:126: fallo en las instrucciones para el objetivo 'cmTC_e6c02/fast'
make: *** [cmTC_e6c02/fast] Error 2

File /home/ronniejd/robotica/robo1/CMakeFiles/CMakeTmp/CheckSymbolExists.cxx:
/* */
#include <QtCore/qglobal.h>

int main(int argc, char** argv)
{
  (void)argv;
#ifndef Q_WS_MAC
  return ((int*)(&Q_WS_MAC))[argc];
#else
  (void)argc;
  return 0;
#endif
}

